|id |select_type       |table   |partitions|type|possible_keys|key|key_len|ref|rows |filtered|Extra                      |
|---|------------------|--------|----------|----|-------------|---|-------|---|-----|--------|---------------------------|
|1  |PRIMARY           |ct      |          |ALL |             |   |       |   |4,020|10      |Using where; Using filesort|
|3  |DEPENDENT SUBQUERY|rank_ct |          |ALL |             |   |       |   |4,020|3.33    |Using where                |
|2  |DEPENDENT SUBQUERY|inner_ct|          |ALL |             |   |       |   |4,020|1       |Using where                |

|EXPLAIN                                                                                                                                                                                                                                                                                                                                                                                                                                                                                                                                                                                                                                                                                                                                                                                                                                                                                                                                                                                                                                                                                                                                                                    |
|---------------------------------------------------------------------------------------------------------------------------------------------------------------------------------------------------------------------------------------------------------------------------------------------------------------------------------------------------------------------------------------------------------------------------------------------------------------------------------------------------------------------------------------------------------------------------------------------------------------------------------------------------------------------------------------------------------------------------------------------------------------------------------------------------------------------------------------------------------------------------------------------------------------------------------------------------------------------------------------------------------------------------------------------------------------------------------------------------------------------------------------------------------------------------|
|-> Sort: ct.make, ct.model  (cost=497 rows=4020) (actual time=2.92..3.66 rows=2138 loops=1)¶    -> Filter: ((ct.`Year` between 2015 and 2020) and (ct.msrp is not null))  (cost=497 rows=4020) (actual time=0.0622..2.15 rows=2138 loops=1)¶        -> Table scan on ct  (cost=497 rows=4020) (actual time=0.0576..1.86 rows=3970 loops=1)¶-> Select #2 (subquery in projection; dependent)¶    -> Aggregate: avg(inner_ct.msrp)  (cost=103 rows=1) (actual time=1.66..1.66 rows=1 loops=2138)¶        -> Filter: ((inner_ct.make = ct.make) and (inner_ct.`Year` = ct.`Year`))  (cost=99.2 rows=40.2) (actual time=0.318..1.65 rows=76.2 loops=2138)¶            -> Table scan on inner_ct  (cost=99.2 rows=4020) (actual time=0.0189..1.33 rows=3970 loops=2138)¶-> Select #3 (subquery in projection; dependent)¶    -> Aggregate: count(0)  (cost=122 rows=1) (actual time=1.39..1.39 rows=1 loops=2138)¶        -> Filter: ((rank_ct.`Year` = ct.`Year`) and (rank_ct.msrp > ct.msrp))  (cost=109 rows=134) (actual time=0.0711..1.37 rows=364 loops=2138)¶            -> Table scan on rank_ct  (cost=109 rows=4020) (actual time=0.0166..1.13 rows=3970 loops=2138)¶|

