|id |select_type|table     |partitions|type|possible_keys|key|key_len|ref|rows |filtered|Extra                      |
|---|-----------|----------|----------|----|-------------|---|-------|---|-----|--------|---------------------------|
|1  |PRIMARY    |<derived2>|          |ALL |             |   |       |   |446  |90      |Using where; Using filesort|
|2  |DERIVED    |car_table |          |ALL |             |   |       |   |4,020|11.11   |Using where; Using filesort|

|EXPLAIN                                                                                                                                                                                                                                                                                                                                                                                                                                                                                                                                                                                                                                                                                                                                                                                                                                                                                                                                                                                                                                                                                                                                                                                                                                                                                                                                                                                                                                                                                                                                                             |
|-------------------------------------------------------------------------------------------------------------------------------------------------------------------------------------------------------------------------------------------------------------------------------------------------------------------------------------------------------------------------------------------------------------------------------------------------------------------------------------------------------------------------------------------------------------------------------------------------------------------------------------------------------------------------------------------------------------------------------------------------------------------------------------------------------------------------------------------------------------------------------------------------------------------------------------------------------------------------------------------------------------------------------------------------------------------------------------------------------------------------------------------------------------------------------------------------------------------------------------------------------------------------------------------------------------------------------------------------------------------------------------------------------------------------------------------------------------------------------------------------------------------------------------------------------------------------|
|-> Sort: cte.make, cte.model  (cost=2.6..2.6 rows=0) (actual time=48.5..48.9 rows=2138 loops=1)¶    -> Filter: (cte.msrp is not null)  (cost=2.5..2.5 rows=0) (actual time=42.5..43.8 rows=2138 loops=1)¶        -> Table scan on CTE  (cost=2.5..2.5 rows=0) (actual time=42.5..43.6 rows=2138 loops=1)¶            -> Materialize CTE cte  (cost=0..0 rows=0) (actual time=42.5..42.5 rows=2138 loops=1)¶                -> Window aggregate: rank() OVER (PARTITION BY car_table.`Year` ORDER BY car_table.msrp desc )   (actual time=35.1..39 rows=2138 loops=1)¶                    -> Sort: car_table.`Year`, car_table.msrp DESC  (actual time=35.1..35.9 rows=2138 loops=1)¶                        -> Table scan on <temporary>  (cost=2.5..2.5 rows=0) (actual time=30.9..31.6 rows=2138 loops=1)¶                            -> Temporary table  (cost=0..0 rows=0) (actual time=30.9..30.9 rows=2138 loops=1)¶                                -> Window aggregate with buffering: avg(car_table.MSRP) OVER (PARTITION BY car_table.make,car_table.`Year` )   (actual time=11.3..29.7 rows=2138 loops=1)¶ 
